TN:
SF:./assets/js/test/actions/index.spec.js
FN:77,mockStore
FN:85,mockStoreWithoutMiddleware
FN:87,getState
FN:93,dispatch
FN:123,(anonymous_7)
FN:152,(anonymous_8)
FN:153,(anonymous_9)
FN:159,(anonymous_10)
FN:163,(anonymous_11)
FN:171,(anonymous_12)
FN:202,(anonymous_13)
FN:224,(anonymous_14)
FN:225,(anonymous_15)
FN:231,(anonymous_16)
FN:235,(anonymous_17)
FN:244,(anonymous_18)
FN:260,(anonymous_19)
FN:261,(anonymous_20)
FN:267,(anonymous_21)
FN:271,(anonymous_22)
FN:280,(anonymous_23)
FN:297,(anonymous_24)
FN:298,(anonymous_25)
FN:304,(anonymous_26)
FN:308,(anonymous_27)
FN:316,(anonymous_28)
FNF:26
FNH:0
FNDA:0,mockStore
FNDA:0,mockStoreWithoutMiddleware
FNDA:0,getState
FNDA:0,dispatch
FNDA:0,(anonymous_7)
FNDA:0,(anonymous_8)
FNDA:0,(anonymous_9)
FNDA:0,(anonymous_10)
FNDA:0,(anonymous_11)
FNDA:0,(anonymous_12)
FNDA:0,(anonymous_13)
FNDA:0,(anonymous_14)
FNDA:0,(anonymous_15)
FNDA:0,(anonymous_16)
FNDA:0,(anonymous_17)
FNDA:0,(anonymous_18)
FNDA:0,(anonymous_19)
FNDA:0,(anonymous_20)
FNDA:0,(anonymous_21)
FNDA:0,(anonymous_22)
FNDA:0,(anonymous_23)
FNDA:0,(anonymous_24)
FNDA:0,(anonymous_25)
FNDA:0,(anonymous_26)
FNDA:0,(anonymous_27)
FNDA:0,(anonymous_28)
DA:11,0
DA:12,0
DA:13,0
DA:77,1
DA:78,0
DA:79,0
DA:82,0
DA:83,0
DA:85,1
DA:86,0
DA:88,0
DA:94,0
DA:95,0
DA:98,0
DA:99,0
DA:100,0
DA:101,0
DA:102,0
DA:104,0
DA:106,0
DA:107,0
DA:110,0
DA:111,0
DA:116,0
DA:120,0
DA:123,0
DA:124,0
DA:152,0
DA:153,0
DA:154,0
DA:159,0
DA:160,0
DA:163,0
DA:164,0
DA:167,0
DA:168,0
DA:171,0
DA:172,0
DA:187,0
DA:196,0
DA:197,0
DA:202,0
DA:203,0
DA:224,0
DA:225,0
DA:226,0
DA:231,0
DA:232,0
DA:235,0
DA:236,0
DA:240,0
DA:241,0
DA:244,0
DA:245,0
DA:255,0
DA:256,0
DA:260,0
DA:261,0
DA:262,0
DA:267,0
DA:268,0
DA:271,0
DA:272,0
DA:276,0
DA:277,0
DA:280,0
DA:281,0
DA:291,0
DA:292,0
DA:297,0
DA:298,0
DA:299,0
DA:304,0
DA:305,0
DA:308,0
DA:309,0
DA:312,0
DA:313,0
DA:316,0
DA:317,0
DA:331,0
DA:340,0
DA:341,0
LF:83
LH:2
BRDA:77,1,0,0
BRDA:77,1,1,0
BRDA:77,2,0,0
BRDA:77,2,1,0
BRDA:78,3,0,0
BRDA:78,3,1,0
BRDA:78,4,0,0
BRDA:78,4,1,0
BRDA:89,5,0,0
BRDA:89,5,1,0
BRDA:94,6,0,0
BRDA:94,6,1,0
BRDA:98,7,0,0
BRDA:98,7,1,0
BRDA:106,8,0,0
BRDA:106,8,1,0
BRDA:106,9,0,0
BRDA:106,9,1,0
BRF:18
BRH:0
end_of_record
TN:
SF:./assets/js/middleware/api.js
FN:9,callApi
FN:10,(anonymous_7)
FN:13,convertResForNews
FN:15,(anonymous_9)
FN:29,convertResForWorks
FN:30,(anonymous_11)
FN:48,convertResForSeminar
FN:50,(anonymous_13)
FN:70,(anonymous_14)
FN:70,(anonymous_15)
FN:70,(anonymous_16)
FN:83,(anonymous_17)
FN:90,actionWith
FN:103,(anonymous_19)
FN:110,(anonymous_20)
FNF:15
FNH:0
FNDA:0,callApi
FNDA:0,(anonymous_7)
FNDA:0,convertResForNews
FNDA:0,(anonymous_9)
FNDA:0,convertResForWorks
FNDA:0,(anonymous_11)
FNDA:0,convertResForSeminar
FNDA:0,(anonymous_13)
FNDA:0,(anonymous_14)
FNDA:0,(anonymous_15)
FNDA:0,(anonymous_16)
FNDA:0,(anonymous_17)
FNDA:0,actionWith
FNDA:0,(anonymous_19)
FNDA:0,(anonymous_20)
DA:7,1
DA:9,1
DA:10,0
DA:13,1
DA:15,0
DA:17,0
DA:19,0
DA:21,0
DA:29,1
DA:30,0
DA:33,0
DA:35,0
DA:38,0
DA:40,0
DA:42,0
DA:48,1
DA:50,0
DA:52,0
DA:54,0
DA:56,0
DA:64,1
DA:71,0
DA:72,0
DA:73,0
DA:77,0
DA:78,0
DA:80,0
DA:81,0
DA:83,0
DA:84,0
DA:86,0
DA:87,0
DA:90,1
DA:91,0
DA:92,0
DA:93,0
DA:97,0
DA:99,0
DA:100,0
DA:102,0
DA:104,0
DA:105,0
LF:42
LH:7
BRDA:33,1,0,0
BRDA:33,1,1,0
BRDA:34,2,0,0
BRDA:34,2,1,0
BRDA:72,3,0,0
BRDA:72,3,1,0
BRDA:77,4,0,0
BRDA:77,4,1,0
BRDA:80,5,0,0
BRDA:80,5,1,0
BRDA:80,6,0,0
BRDA:80,6,1,0
BRDA:83,7,0,0
BRDA:83,7,1,0
BRDA:86,8,0,0
BRDA:86,8,1,0
BRDA:100,9,0,0
BRDA:100,9,1,0
BRDA:112,10,0,0
BRDA:112,10,1,0
BRF:20
BRH:0
end_of_record
TN:
SF:./assets/js/constants/Pages.js
FNF:0
FNH:0
DA:1,1
DA:2,1
DA:3,1
DA:4,1
DA:5,1
LF:5
LH:5
BRF:0
BRH:0
end_of_record
TN:
SF:./assets/js/actions/index.js
FN:4,createUrl
FN:7,(anonymous_3)
FN:22,fetchNews
FN:32,loadNews
FN:33,(anonymous_6)
FN:39,resetNews
FN:51,fetchWorks
FN:61,loadWorks
FN:62,(anonymous_10)
FN:65,changeWorksFilter
FN:80,fetchSeminar
FN:90,loadSeminar
FN:91,(anonymous_14)
FN:97,resetSeminar
FN:104,resetErrorMessage
FNF:15
FNH:0
FNDA:0,createUrl
FNDA:0,(anonymous_3)
FNDA:0,fetchNews
FNDA:0,loadNews
FNDA:0,(anonymous_6)
FNDA:0,resetNews
FNDA:0,fetchWorks
FNDA:0,loadWorks
FNDA:0,(anonymous_10)
FNDA:0,changeWorksFilter
FNDA:0,fetchSeminar
FNDA:0,loadSeminar
FNDA:0,(anonymous_14)
FNDA:0,resetSeminar
FNDA:0,resetErrorMessage
DA:4,1
DA:5,0
DA:6,0
DA:7,0
DA:10,0
DA:13,0
DA:16,1
DA:17,1
DA:18,1
DA:19,1
DA:20,1
DA:22,1
DA:23,0
DA:32,1
DA:33,0
DA:35,0
DA:39,1
DA:40,0
DA:45,1
DA:46,1
DA:47,1
DA:48,1
DA:49,1
DA:51,1
DA:52,0
DA:61,1
DA:62,0
DA:65,1
DA:66,0
DA:74,1
DA:75,1
DA:76,1
DA:77,1
DA:78,1
DA:80,1
DA:81,0
DA:90,1
DA:91,0
DA:93,0
DA:97,1
DA:98,0
DA:103,1
DA:104,1
DA:105,0
LF:44
LH:27
BRDA:6,1,0,0
BRDA:6,1,1,0
BRF:2
BRH:0
end_of_record
